6 best assignments (1 pairwise alignments):
{ -1, -1 }  sum = 5.2000e+01  zscore = 2.8131e+00
	{  2,  2 }  sum = 4.1000e+01
	{ -2, -2 }  sum = 3.9000e+01
	{  3,  3 }  sum = 3.8000e+01
	{ -3, -3 }  sum = 2.8000e+01
	{  1,  1 }  sum = 2.6000e+01
{  2, -1 }  sum = 2.1000e+01  zscore = 6.5822e+00
	{ -2,  3 }  sum = 2.0000e+01
	{  1, -2 }  sum = 6.0000e+00
	{ -1,  1 }  sum = 5.0000e+00
{ -1,  2 }  sum = 1.6000e+01  zscore = 5.5811e+00
	{  3, -2 }  sum = 1.1000e+01
	{ -2,  1 }  sum = 6.0000e+00
{ -1, -2 }  sum = 1.2000e+01  zscore = 2.5337e+00
	{  2,  1 }  sum = 9.0000e+00
	{ -2, -3 }  sum = 5.0000e+00
	{  1,  3 }  sum = 4.0000e+00
	{  3,  2 }  sum = 2.0000e+00
	{ -3, -1 }  sum = 1.0000e+00
{  1, -3 }  sum = 6.0000e+00  zscore = 4.0415e+00
	{ -3,  1 }  sum = 5.0000e+00
	{ -2,  2 }  sum = 3.0000e+00
{ -1, -3 }  sum = 5.0000e+00  zscore = 1.6977e+00
	{ -3, -2 }  sum = 5.0000e+00
	{  3,  1 }  sum = 3.0000e+00
	{  1,  2 }  sum = 1.0000e+00
prediction = OTHER
